<?xml version="1.0" encoding="UTF-8"?>
<testng-results skipped="0" failed="0" ignored="0" total="3" passed="3">
  <reporter-output>
  </reporter-output>
  <suite name="Default suite" duration-ms="429" started-at="2017-04-04T13:43:59Z" finished-at="2017-04-04T13:43:59Z">
    <groups>
    </groups>
    <test name="Default test" duration-ms="429" started-at="2017-04-04T13:43:59Z" finished-at="2017-04-04T13:43:59Z">
      <class name="TestA">
        <test-method status="PASS" signature="testA(java.util.Hashtable)[pri:0, instance:TestA@48eff760]" name="testA" duration-ms="8" started-at="2017-04-04T23:43:59Z" data-provider="getData" finished-at="2017-04-04T23:43:59Z">
          <params>
            <param index="0">
              <value>
                <![CDATA[{Col4=X, Col3=A2, Col2=A2, Col1=A1, Runmode=Y}]]>
              </value>
            </param>
          </params>
          <reporter-output>
          </reporter-output>
        </test-method> <!-- testA -->
        <test-method status="PASS" signature="testA(java.util.Hashtable)[pri:0, instance:TestA@48eff760]" name="testA" duration-ms="1" started-at="2017-04-04T23:43:59Z" data-provider="getData" finished-at="2017-04-04T23:43:59Z">
          <params>
            <param index="0">
              <value>
                <![CDATA[{Col4=Y, Col3=A6, Col2=A5, Col1=A4, Runmode=N}]]>
              </value>
            </param>
          </params>
          <reporter-output>
          </reporter-output>
        </test-method> <!-- testA -->
        <test-method status="PASS" signature="testA(java.util.Hashtable)[pri:0, instance:TestA@48eff760]" name="testA" duration-ms="0" started-at="2017-04-04T23:43:59Z" data-provider="getData" finished-at="2017-04-04T23:43:59Z">
          <params>
            <param index="0">
              <value>
                <![CDATA[{Col4=Z, Col3=A9, Col2=A8, Col1=A7, Runmode=Y}]]>
              </value>
            </param>
          </params>
          <reporter-output>
          </reporter-output>
        </test-method> <!-- testA -->
      </class> <!-- TestA -->
    </test> <!-- Default test -->
  </suite> <!-- Default suite -->
</testng-results>
