<?xml version="1.0" encoding="UTF-8"?>
<testng-results skipped="0" failed="1" total="4" passed="3">
  <reporter-output>
  </reporter-output>
  <suite name="SuiteName" duration-ms="59040" started-at="2017-04-16T06:00:11Z" finished-at="2017-04-16T06:01:10Z">
    <groups>
    </groups>
    <test name="Change Password Test" duration-ms="36303" started-at="2017-04-16T06:00:11Z" finished-at="2017-04-16T06:00:47Z">
      <class name="com.selenium.pom.testcases.ChangePasswordTest">
        <test-method status="PASS" signature="changePasswordTest(java.util.Hashtable)[pri:0, instance:com.selenium.pom.testcases.ChangePasswordTest@4961f6af]" name="changePasswordTest" duration-ms="34774" started-at="2017-04-16T16:00:11Z" data-provider="getData" finished-at="2017-04-16T16:00:46Z">
          <params>
            <param index="0">
              <value>
                <![CDATA[{NewPassword=vinaysrinu123, Username=nagaraj_sammeta@yahoo.com, OldPassword=rishika123, ExpectedResult=Success, Runmode=Y, Browser=Mozilla}]]>
              </value>
            </param>
          </params>
          <reporter-output>
          </reporter-output>
        </test-method> <!-- changePasswordTest -->
        <test-method status="PASS" signature="quit()[pri:0, instance:com.selenium.pom.testcases.ChangePasswordTest@4961f6af]" name="quit" is-config="true" duration-ms="1508" started-at="2017-04-16T16:00:46Z" finished-at="2017-04-16T16:00:47Z">
          <reporter-output>
          </reporter-output>
        </test-method> <!-- quit -->
      </class> <!-- com.selenium.pom.testcases.ChangePasswordTest -->
    </test> <!-- Change Password Test -->
    <test name="Profile Test" duration-ms="37495" started-at="2017-04-16T06:00:11Z" finished-at="2017-04-16T06:00:48Z">
      <class name="com.selenium.pom.testcases.ProfileTest">
        <test-method status="PASS" signature="testProfile()[pri:0, instance:com.selenium.pom.testcases.ProfileTest@37ceb1df]" name="testProfile" duration-ms="37135" started-at="2017-04-16T16:00:11Z" finished-at="2017-04-16T16:00:48Z">
          <reporter-output>
          </reporter-output>
        </test-method> <!-- testProfile -->
        <test-method status="PASS" signature="quit()[pri:0, instance:com.selenium.pom.testcases.ProfileTest@37ceb1df]" name="quit" is-config="true" duration-ms="350" started-at="2017-04-16T16:00:48Z" finished-at="2017-04-16T16:00:48Z">
          <reporter-output>
          </reporter-output>
        </test-method> <!-- quit -->
      </class> <!-- com.selenium.pom.testcases.ProfileTest -->
    </test> <!-- Profile Test -->
    <test name="Login Test" duration-ms="59040" started-at="2017-04-16T06:00:11Z" finished-at="2017-04-16T06:01:10Z">
      <class name="com.selenium.pom.testcases.LoginTest">
        <test-method status="PASS" signature="testLogin(java.util.Hashtable)[pri:0, instance:com.selenium.pom.testcases.LoginTest@7eac9008]" name="testLogin" duration-ms="37674" started-at="2017-04-16T16:00:11Z" data-provider="getData" finished-at="2017-04-16T16:00:49Z">
          <params>
            <param index="0">
              <value>
                <![CDATA[{Username=nagaraj_sammeta@yahoo.com, ExpectedResult=Success, Password=rishika123, Runmode=Y, Browser=Mozilla}]]>
              </value>
            </param>
          </params>
          <reporter-output>
          </reporter-output>
        </test-method> <!-- testLogin -->
        <test-method status="PASS" signature="quit()[pri:0, instance:com.selenium.pom.testcases.LoginTest@7eac9008]" name="quit" is-config="true" duration-ms="283" started-at="2017-04-16T16:00:49Z" finished-at="2017-04-16T16:00:49Z">
          <reporter-output>
          </reporter-output>
        </test-method> <!-- quit -->
        <test-method status="FAIL" signature="testLogin(java.util.Hashtable)[pri:0, instance:com.selenium.pom.testcases.LoginTest@7eac9008]" name="testLogin" duration-ms="20369" started-at="2017-04-16T16:00:49Z" data-provider="getData" finished-at="2017-04-16T16:01:09Z">
          <params>
            <param index="0">
              <value>
                <![CDATA[{Username=nagaraj_sammeta@yahoo.com, ExpectedResult=Success, Password=xxxxxxx, Runmode=Y, Browser=Chrome}]]>
              </value>
            </param>
          </params>
          <exception class="java.lang.NullPointerException">
            <full-stacktrace>
              <![CDATA[java.lang.NullPointerException
	at org.openqa.selenium.remote.RemoteWebDriver.findElements(RemoteWebDriver.java:397)
	at org.openqa.selenium.remote.RemoteWebDriver.findElementsByXPath(RemoteWebDriver.java:504)
	at org.openqa.selenium.By$ByXPath.findElements(By.java:356)
	at org.openqa.selenium.remote.RemoteWebDriver.findElements(RemoteWebDriver.java:351)
	at com.selenium.pom.base.BasePage.isElementPresent(BasePage.java:44)
	at com.selenium.pom.pages.LoginPage.doLogin(LoginPage.java:34)
	at com.selenium.pom.testcases.LoginTest.testLogin(LoginTest.java:38)
	at sun.reflect.NativeMethodAccessorImpl.invoke0(Native Method)
	at sun.reflect.NativeMethodAccessorImpl.invoke(Unknown Source)
	at sun.reflect.DelegatingMethodAccessorImpl.invoke(Unknown Source)
	at java.lang.reflect.Method.invoke(Unknown Source)
	at org.testng.internal.MethodInvocationHelper.invokeMethod(MethodInvocationHelper.java:85)
	at org.testng.internal.Invoker.invokeMethod(Invoker.java:639)
	at org.testng.internal.Invoker.invokeTestMethod(Invoker.java:821)
	at org.testng.internal.Invoker.invokeTestMethods(Invoker.java:1131)
	at org.testng.internal.TestMethodWorker.invokeTestMethods(TestMethodWorker.java:124)
	at org.testng.internal.TestMethodWorker.run(TestMethodWorker.java:108)
	at org.testng.TestRunner.privateRun(TestRunner.java:773)
	at org.testng.TestRunner.run(TestRunner.java:623)
	at org.testng.SuiteRunner.runTest(SuiteRunner.java:357)
	at org.testng.SuiteRunner.access$000(SuiteRunner.java:39)
	at org.testng.SuiteRunner$SuiteWorker.run(SuiteRunner.java:391)
	at org.testng.internal.thread.ThreadUtil$2.call(ThreadUtil.java:64)
	at java.util.concurrent.FutureTask.run(Unknown Source)
	at java.util.concurrent.ThreadPoolExecutor.runWorker(Unknown Source)
	at java.util.concurrent.ThreadPoolExecutor$Worker.run(Unknown Source)
	at java.lang.Thread.run(Unknown Source)
]]>
            </full-stacktrace>
          </exception> <!-- java.lang.NullPointerException -->
          <reporter-output>
          </reporter-output>
        </test-method> <!-- testLogin -->
        <test-method status="PASS" signature="quit()[pri:0, instance:com.selenium.pom.testcases.LoginTest@7eac9008]" name="quit" is-config="true" duration-ms="690" started-at="2017-04-16T16:01:09Z" finished-at="2017-04-16T16:01:10Z">
          <reporter-output>
          </reporter-output>
        </test-method> <!-- quit -->
      </class> <!-- com.selenium.pom.testcases.LoginTest -->
    </test> <!-- Login Test -->
  </suite> <!-- SuiteName -->
</testng-results>
