<?xml version="1.0" encoding="UTF-8"?>
<!-- Generated by org.testng.reporters.JUnitXMLReporter -->
<testsuite hostname="User-PC" name="Command line test" tests="4" failures="0" timestamp="13 Apr 2017 11:18:21 GMT" time="0.354" errors="0">
  <testcase name="changePasswordTest" time="0.007" classname="com.selenium.pom.testcases.ChangePasswordTest">
    <skipped/>
  </testcase> <!-- changePasswordTest -->
  <testcase name="testLogin" time="0.0" classname="com.selenium.pom.testcases.LoginTest">
    <skipped/>
  </testcase> <!-- testLogin -->
  <testcase name="testLogin" time="0.001" classname="com.selenium.pom.testcases.LoginTest">
    <skipped/>
  </testcase> <!-- testLogin -->
  <testcase name="testProfile" time="0.0" classname="com.selenium.pom.testcases.ProfileTest">
    <skipped/>
  </testcase> <!-- testProfile -->
</testsuite> <!-- Command line test -->
