<?xml version="1.0" encoding="UTF-8"?>
<!-- Generated by org.testng.reporters.JUnitXMLReporter -->
<testsuite hostname="User-PC" name="Login Test" tests="2" failures="1" timestamp="16 Apr 2017 06:01:10 GMT" time="59.04" errors="0">
  <testcase name="testLogin" time="37.674" classname="com.selenium.pom.testcases.LoginTest"/>
  <testcase name="testLogin" time="20.369" classname="com.selenium.pom.testcases.LoginTest">
    <failure type="java.lang.NullPointerException">
      <![CDATA[java.lang.NullPointerException
	at org.openqa.selenium.remote.RemoteWebDriver.findElements(RemoteWebDriver.java:397)
	at org.openqa.selenium.remote.RemoteWebDriver.findElementsByXPath(RemoteWebDriver.java:504)
	at org.openqa.selenium.By$ByXPath.findElements(By.java:356)
	at org.openqa.selenium.remote.RemoteWebDriver.findElements(RemoteWebDriver.java:351)
	at com.selenium.pom.base.BasePage.isElementPresent(BasePage.java:44)
	at com.selenium.pom.pages.LoginPage.doLogin(LoginPage.java:34)
	at com.selenium.pom.testcases.LoginTest.testLogin(LoginTest.java:38)
	at java.util.concurrent.FutureTask.run(Unknown Source)
	at java.util.concurrent.ThreadPoolExecutor.runWorker(Unknown Source)
	at java.util.concurrent.ThreadPoolExecutor$Worker.run(Unknown Source)
	at java.lang.Thread.run(Unknown Source)
... Removed 16 stack frames]]>
    </failure>
  </testcase> <!-- testLogin -->
</testsuite> <!-- Login Test -->
